#-----------------------------------------------------------
# Vivado v2021.1 (64-bit)
# SW Build 3247384 on Thu Jun 10 19:36:33 MDT 2021
# IP Build 3246043 on Fri Jun 11 00:30:35 MDT 2021
# Start of session at: Sun Jan  8 13:22:10 2023
# Process ID: 7076
# Current directory: C:/Users/alvar/Documents/GitHub/Maquina de refrescos-VHDL/Maquina-de-refrescos-Trabajo-SED-VHDL
# Command line: vivado.exe -gui_launcher_event rodinguilauncherevent880 C:\Users\alvar\Documents\GitHub\Maquina de refrescos-VHDL\Maquina-de-refrescos-Trabajo-SED-VHDL\refrescos.xpr
# Log file: C:/Users/alvar/Documents/GitHub/Maquina de refrescos-VHDL/Maquina-de-refrescos-Trabajo-SED-VHDL/vivado.log
# Journal file: C:/Users/alvar/Documents/GitHub/Maquina de refrescos-VHDL/Maquina-de-refrescos-Trabajo-SED-VHDL\vivado.jou
#-----------------------------------------------------------
start_gui
open_project {C:/Users/alvar/Documents/GitHub/Maquina de refrescos-VHDL/Maquina-de-refrescos-Trabajo-SED-VHDL/refrescos.xpr}
INFO: [ProjectBase 1-489] The host OS only allows 260 characters in a normal path. The project is stored in a path with more than 80 characters. If you experience issues with IP, Block Designs, or files not being found, please consider moving the project to a location with a shorter path. Alternately consider using the OS subst command to map part of the path to a drive letter.
Current project path is 'C:/Users/alvar/Documents/GitHub/Maquina de refrescos-VHDL/Maquina-de-refrescos-Trabajo-SED-VHDL'
WARNING: [filemgmt 56-3] Default IP Output Path : Could not find the directory 'C:/Users/alvar/Documents/GitHub/Maquina de refrescos-VHDL/Maquina-de-refrescos-Trabajo-SED-VHDL/refrescos.gen/sources_1'.
Scanning sources...
Finished scanning sources
INFO: [IP_Flow 19-234] Refreshing IP repositories
INFO: [IP_Flow 19-1704] No user IP repositories specified
INFO: [IP_Flow 19-2313] Loaded Vivado IP repository 'C:/Xilinx/Vivado/2021.1/data/ip'.
exit
INFO: [Common 17-206] Exiting Vivado at Sun Jan  8 13:22:31 2023...
