
*** Running vivado
    with args -log top.vds -m64 -product Vivado -mode batch -messageDb vivado.pb -notrace -source top.tcl



****** Vivado v2021.1 (64-bit)
  **** SW Build 3247384 on Thu Jun 10 19:36:33 MDT 2021
  **** IP Build 3246043 on Fri Jun 11 00:30:35 MDT 2021
    ** Copyright 1986-2021 Xilinx, Inc. All Rights Reserved.

source top.tcl -notrace
Command: synth_design -top top -part xc7a100tcsg324-1
Starting synth_design
Attempting to get a license for feature 'Synthesis' and/or device 'xc7a100t'
INFO: [Common 17-349] Got license for feature 'Synthesis' and/or device 'xc7a100t'
INFO: [Device 21-403] Loading part xc7a100tcsg324-1
INFO: [Synth 8-7079] Multithreading enabled for synth_design using a maximum of 2 processes.
INFO: [Synth 8-7078] Launching helper process for spawning children vivado processes
INFO: [Synth 8-7075] Helper process launched with PID 4192
---------------------------------------------------------------------------------
Starting RTL Elaboration : Time (s): cpu = 00:00:03 ; elapsed = 00:00:03 . Memory (MB): peak = 1165.359 ; gain = 0.000
---------------------------------------------------------------------------------
INFO: [Synth 8-638] synthesizing module 'top' [C:/Proyectos_sed/refrescos/refrescos.srcs/sources_1/new/top.vhd:53]
INFO: [Synth 8-3491] module 'debounce' declared at 'C:/Proyectos_sed/refrescos/refrescos.srcs/sources_1/new/debounce.vhd:28' bound to instance 'Inst_debouncer_p10c' of component 'debounce' [C:/Proyectos_sed/refrescos/refrescos.srcs/sources_1/new/top.vhd:154]
INFO: [Synth 8-638] synthesizing module 'debounce' [C:/Proyectos_sed/refrescos/refrescos.srcs/sources_1/new/debounce.vhd:39]
	Parameter clk_freq bound to: 100000000 - type: integer 
	Parameter stable_time bound to: 10 - type: integer 
INFO: [Synth 8-256] done synthesizing module 'debounce' (1#1) [C:/Proyectos_sed/refrescos/refrescos.srcs/sources_1/new/debounce.vhd:39]
INFO: [Synth 8-3491] module 'debounce' declared at 'C:/Proyectos_sed/refrescos/refrescos.srcs/sources_1/new/debounce.vhd:28' bound to instance 'Inst_debouncer_p20c' of component 'debounce' [C:/Proyectos_sed/refrescos/refrescos.srcs/sources_1/new/top.vhd:160]
INFO: [Synth 8-3491] module 'debounce' declared at 'C:/Proyectos_sed/refrescos/refrescos.srcs/sources_1/new/debounce.vhd:28' bound to instance 'Inst_debouncer_p50c' of component 'debounce' [C:/Proyectos_sed/refrescos/refrescos.srcs/sources_1/new/top.vhd:166]
INFO: [Synth 8-3491] module 'debounce' declared at 'C:/Proyectos_sed/refrescos/refrescos.srcs/sources_1/new/debounce.vhd:28' bound to instance 'Inst_debouncer_p1_euro' of component 'debounce' [C:/Proyectos_sed/refrescos/refrescos.srcs/sources_1/new/top.vhd:172]
INFO: [Synth 8-3491] module 'debounce' declared at 'C:/Proyectos_sed/refrescos/refrescos.srcs/sources_1/new/debounce.vhd:28' bound to instance 'Inst_debouncer_p_rearme' of component 'debounce' [C:/Proyectos_sed/refrescos/refrescos.srcs/sources_1/new/top.vhd:178]
INFO: [Synth 8-3491] module 'SYNCHRNZR' declared at 'C:/Proyectos_sed/refrescos/refrescos.srcs/sources_1/new/SYNCHRNZR.vhd:3' bound to instance 'Inst_synch_p10c' of component 'SYNCHRNZR' [C:/Proyectos_sed/refrescos/refrescos.srcs/sources_1/new/top.vhd:185]
INFO: [Synth 8-638] synthesizing module 'SYNCHRNZR' [C:/Proyectos_sed/refrescos/refrescos.srcs/sources_1/new/SYNCHRNZR.vhd:10]
INFO: [Synth 8-256] done synthesizing module 'SYNCHRNZR' (2#1) [C:/Proyectos_sed/refrescos/refrescos.srcs/sources_1/new/SYNCHRNZR.vhd:10]
INFO: [Synth 8-3491] module 'SYNCHRNZR' declared at 'C:/Proyectos_sed/refrescos/refrescos.srcs/sources_1/new/SYNCHRNZR.vhd:3' bound to instance 'Inst_synch_p20c' of component 'SYNCHRNZR' [C:/Proyectos_sed/refrescos/refrescos.srcs/sources_1/new/top.vhd:190]
INFO: [Synth 8-3491] module 'SYNCHRNZR' declared at 'C:/Proyectos_sed/refrescos/refrescos.srcs/sources_1/new/SYNCHRNZR.vhd:3' bound to instance 'Inst_synch_p50c' of component 'SYNCHRNZR' [C:/Proyectos_sed/refrescos/refrescos.srcs/sources_1/new/top.vhd:195]
INFO: [Synth 8-3491] module 'SYNCHRNZR' declared at 'C:/Proyectos_sed/refrescos/refrescos.srcs/sources_1/new/SYNCHRNZR.vhd:3' bound to instance 'Inst_synch_p1_euro' of component 'SYNCHRNZR' [C:/Proyectos_sed/refrescos/refrescos.srcs/sources_1/new/top.vhd:200]
INFO: [Synth 8-3491] module 'SYNCHRNZR' declared at 'C:/Proyectos_sed/refrescos/refrescos.srcs/sources_1/new/SYNCHRNZR.vhd:3' bound to instance 'Inst_synch_prearme' of component 'SYNCHRNZR' [C:/Proyectos_sed/refrescos/refrescos.srcs/sources_1/new/top.vhd:205]
INFO: [Synth 8-3491] module 'EDGEDTCTR' declared at 'C:/Proyectos_sed/refrescos/refrescos.srcs/sources_1/new/EDGEDTCTR.vhd:3' bound to instance 'Inst_edge_p10c' of component 'EDGEDTCTR' [C:/Proyectos_sed/refrescos/refrescos.srcs/sources_1/new/top.vhd:211]
INFO: [Synth 8-638] synthesizing module 'EDGEDTCTR' [C:/Proyectos_sed/refrescos/refrescos.srcs/sources_1/new/EDGEDTCTR.vhd:10]
INFO: [Synth 8-256] done synthesizing module 'EDGEDTCTR' (3#1) [C:/Proyectos_sed/refrescos/refrescos.srcs/sources_1/new/EDGEDTCTR.vhd:10]
INFO: [Synth 8-3491] module 'EDGEDTCTR' declared at 'C:/Proyectos_sed/refrescos/refrescos.srcs/sources_1/new/EDGEDTCTR.vhd:3' bound to instance 'Inst_edge_p20c' of component 'EDGEDTCTR' [C:/Proyectos_sed/refrescos/refrescos.srcs/sources_1/new/top.vhd:216]
INFO: [Synth 8-3491] module 'EDGEDTCTR' declared at 'C:/Proyectos_sed/refrescos/refrescos.srcs/sources_1/new/EDGEDTCTR.vhd:3' bound to instance 'Inst_edge_p50c' of component 'EDGEDTCTR' [C:/Proyectos_sed/refrescos/refrescos.srcs/sources_1/new/top.vhd:221]
INFO: [Synth 8-3491] module 'EDGEDTCTR' declared at 'C:/Proyectos_sed/refrescos/refrescos.srcs/sources_1/new/EDGEDTCTR.vhd:3' bound to instance 'Inst_edge_p1_euro' of component 'EDGEDTCTR' [C:/Proyectos_sed/refrescos/refrescos.srcs/sources_1/new/top.vhd:226]
INFO: [Synth 8-3491] module 'EDGEDTCTR' declared at 'C:/Proyectos_sed/refrescos/refrescos.srcs/sources_1/new/EDGEDTCTR.vhd:3' bound to instance 'Inst_edge_p_rearme' of component 'EDGEDTCTR' [C:/Proyectos_sed/refrescos/refrescos.srcs/sources_1/new/top.vhd:231]
INFO: [Synth 8-3491] module 'fsm' declared at 'C:/Proyectos_sed/refrescos/refrescos.srcs/sources_1/new/fsm.vhd:5' bound to instance 'Inst_fsm' of component 'fsm' [C:/Proyectos_sed/refrescos/refrescos.srcs/sources_1/new/top.vhd:237]
INFO: [Synth 8-638] synthesizing module 'fsm' [C:/Proyectos_sed/refrescos/refrescos.srcs/sources_1/new/fsm.vhd:24]
INFO: [Synth 8-3491] module 'monedero' declared at 'C:/Proyectos_sed/refrescos/refrescos.srcs/sources_1/new/monedero.vhd:33' bound to instance 'Inst_monedero' of component 'monedero' [C:/Proyectos_sed/refrescos/refrescos.srcs/sources_1/new/fsm.vhd:48]
INFO: [Synth 8-638] synthesizing module 'monedero' [C:/Proyectos_sed/refrescos/refrescos.srcs/sources_1/new/monedero.vhd:47]
INFO: [Synth 8-256] done synthesizing module 'monedero' (4#1) [C:/Proyectos_sed/refrescos/refrescos.srcs/sources_1/new/monedero.vhd:47]
WARNING: [Synth 8-614] signal 's_saldo' is read in the process but is not in the sensitivity list [C:/Proyectos_sed/refrescos/refrescos.srcs/sources_1/new/fsm.vhd:69]
WARNING: [Synth 8-614] signal 'p10C' is read in the process but is not in the sensitivity list [C:/Proyectos_sed/refrescos/refrescos.srcs/sources_1/new/fsm.vhd:69]
WARNING: [Synth 8-614] signal 'p20C' is read in the process but is not in the sensitivity list [C:/Proyectos_sed/refrescos/refrescos.srcs/sources_1/new/fsm.vhd:69]
WARNING: [Synth 8-614] signal 'p50C' is read in the process but is not in the sensitivity list [C:/Proyectos_sed/refrescos/refrescos.srcs/sources_1/new/fsm.vhd:69]
WARNING: [Synth 8-614] signal 'p1_euro' is read in the process but is not in the sensitivity list [C:/Proyectos_sed/refrescos/refrescos.srcs/sources_1/new/fsm.vhd:69]
WARNING: [Synth 8-614] signal 's_aviso' is read in the process but is not in the sensitivity list [C:/Proyectos_sed/refrescos/refrescos.srcs/sources_1/new/fsm.vhd:69]
WARNING: [Synth 8-614] signal 'p_rearme' is read in the process but is not in the sensitivity list [C:/Proyectos_sed/refrescos/refrescos.srcs/sources_1/new/fsm.vhd:69]
INFO: [Synth 8-256] done synthesizing module 'fsm' (5#1) [C:/Proyectos_sed/refrescos/refrescos.srcs/sources_1/new/fsm.vhd:24]
INFO: [Synth 8-3491] module 'BCD_DECODER' declared at 'C:/Proyectos_sed/refrescos/refrescos.srcs/sources_1/new/BCD_DECODER.vhd:30' bound to instance 'Inst_bcd_decoder' of component 'BCD_DECODER' [C:/Proyectos_sed/refrescos/refrescos.srcs/sources_1/new/top.vhd:255]
INFO: [Synth 8-638] synthesizing module 'BCD_DECODER' [C:/Proyectos_sed/refrescos/refrescos.srcs/sources_1/new/BCD_DECODER.vhd:47]
WARNING: [Synth 8-614] signal 'SALDO_NUM' is read in the process but is not in the sensitivity list [C:/Proyectos_sed/refrescos/refrescos.srcs/sources_1/new/BCD_DECODER.vhd:51]
INFO: [Synth 8-256] done synthesizing module 'BCD_DECODER' (6#1) [C:/Proyectos_sed/refrescos/refrescos.srcs/sources_1/new/BCD_DECODER.vhd:47]
INFO: [Synth 8-3491] module 'MUXED_DISPLAY' declared at 'C:/Proyectos_sed/refrescos/refrescos.srcs/sources_1/new/MUXED_DISPLAY.vhd:26' bound to instance 'Inst_muxed_display' of component 'MUXED_DISPLAY' [C:/Proyectos_sed/refrescos/refrescos.srcs/sources_1/new/top.vhd:268]
INFO: [Synth 8-638] synthesizing module 'MUXED_DISPLAY' [C:/Proyectos_sed/refrescos/refrescos.srcs/sources_1/new/MUXED_DISPLAY.vhd:37]
INFO: [Synth 8-256] done synthesizing module 'MUXED_DISPLAY' (7#1) [C:/Proyectos_sed/refrescos/refrescos.srcs/sources_1/new/MUXED_DISPLAY.vhd:37]
INFO: [Synth 8-256] done synthesizing module 'top' (8#1) [C:/Proyectos_sed/refrescos/refrescos.srcs/sources_1/new/top.vhd:53]
---------------------------------------------------------------------------------
Finished RTL Elaboration : Time (s): cpu = 00:00:04 ; elapsed = 00:00:04 . Memory (MB): peak = 1165.359 ; gain = 0.000
---------------------------------------------------------------------------------
---------------------------------------------------------------------------------
Start Handling Custom Attributes
---------------------------------------------------------------------------------
---------------------------------------------------------------------------------
Finished Handling Custom Attributes : Time (s): cpu = 00:00:04 ; elapsed = 00:00:04 . Memory (MB): peak = 1165.359 ; gain = 0.000
---------------------------------------------------------------------------------
---------------------------------------------------------------------------------
Finished RTL Optimization Phase 1 : Time (s): cpu = 00:00:04 ; elapsed = 00:00:04 . Memory (MB): peak = 1165.359 ; gain = 0.000
---------------------------------------------------------------------------------
Netlist sorting complete. Time (s): cpu = 00:00:00 ; elapsed = 00:00:00.004 . Memory (MB): peak = 1165.359 ; gain = 0.000
INFO: [Project 1-570] Preparing netlist for logic optimization

Processing XDC Constraints
Initializing timing engine
Parsing XDC File [C:/Proyectos_sed/Nexys4DDR_Master.xdc]
Finished Parsing XDC File [C:/Proyectos_sed/Nexys4DDR_Master.xdc]
INFO: [Project 1-236] Implementation specific constraints were found while reading constraint file [C:/Proyectos_sed/Nexys4DDR_Master.xdc]. These constraints will be ignored for synthesis but will be used in implementation. Impacted constraints are listed in the file [.Xil/top_propImpl.xdc].
Resolution: To avoid this warning, move constraints listed in [.Xil/top_propImpl.xdc] to another XDC file and exclude this new file from synthesis with the used_in_synthesis property (File Properties dialog in GUI) and re-run elaboration/synthesis.
Completed Processing XDC Constraints

Netlist sorting complete. Time (s): cpu = 00:00:00 ; elapsed = 00:00:00 . Memory (MB): peak = 1165.359 ; gain = 0.000
INFO: [Project 1-111] Unisim Transformation Summary:
No Unisim elements were transformed.

Constraint Validation Runtime : Time (s): cpu = 00:00:00 ; elapsed = 00:00:00.004 . Memory (MB): peak = 1165.359 ; gain = 0.000
---------------------------------------------------------------------------------
Finished Constraint Validation : Time (s): cpu = 00:00:08 ; elapsed = 00:00:09 . Memory (MB): peak = 1165.359 ; gain = 0.000
---------------------------------------------------------------------------------
---------------------------------------------------------------------------------
Start Loading Part and Timing Information
---------------------------------------------------------------------------------
Loading part: xc7a100tcsg324-1
---------------------------------------------------------------------------------
Finished Loading Part and Timing Information : Time (s): cpu = 00:00:08 ; elapsed = 00:00:09 . Memory (MB): peak = 1165.359 ; gain = 0.000
---------------------------------------------------------------------------------
---------------------------------------------------------------------------------
Start Applying 'set_property' XDC Constraints
---------------------------------------------------------------------------------
---------------------------------------------------------------------------------
Finished applying 'set_property' XDC Constraints : Time (s): cpu = 00:00:08 ; elapsed = 00:00:09 . Memory (MB): peak = 1165.359 ; gain = 0.000
---------------------------------------------------------------------------------
INFO: [Synth 8-802] inferred FSM for state register 'current_state_reg' in module 'fsm'
---------------------------------------------------------------------------------------------------
                   State |                     New Encoding |                Previous Encoding 
---------------------------------------------------------------------------------------------------
                  inicio |                              000 |                              000
                  dinero |                              001 |                              001
                 un_euro |                              010 |                              010
                producto |                              011 |                              100
              devolucion |                              100 |                              011
---------------------------------------------------------------------------------------------------
INFO: [Synth 8-3354] encoded FSM with state register 'current_state_reg' using encoding 'sequential' in module 'fsm'
WARNING: [Synth 8-327] inferring latch for variable 'LIGHT_reg' [C:/Proyectos_sed/refrescos/refrescos.srcs/sources_1/new/fsm.vhd:120]
WARNING: [Synth 8-327] inferring latch for variable 'LED_ERROR_reg' [C:/Proyectos_sed/refrescos/refrescos.srcs/sources_1/new/fsm.vhd:131]
WARNING: [Synth 8-327] inferring latch for variable 'producto_adquirido_reg' [C:/Proyectos_sed/refrescos/refrescos.srcs/sources_1/new/fsm.vhd:55]
---------------------------------------------------------------------------------
Finished RTL Optimization Phase 2 : Time (s): cpu = 00:00:09 ; elapsed = 00:00:09 . Memory (MB): peak = 1165.359 ; gain = 0.000
---------------------------------------------------------------------------------
---------------------------------------------------------------------------------
Start RTL Component Statistics 
---------------------------------------------------------------------------------
Detailed RTL Component Info : 
+---Adders : 
	   5 Input   32 Bit       Adders := 1     
+---XORs : 
	   2 Input      1 Bit         XORs := 5     
+---Registers : 
	               32 Bit    Registers := 1     
	                7 Bit    Registers := 4     
	                4 Bit    Registers := 1     
	                3 Bit    Registers := 5     
	                2 Bit    Registers := 10    
	                1 Bit    Registers := 11    
+---Muxes : 
	   2 Input   32 Bit        Muxes := 1     
	   2 Input    7 Bit        Muxes := 2     
	  11 Input    7 Bit        Muxes := 1     
	   4 Input    7 Bit        Muxes := 1     
	   4 Input    4 Bit        Muxes := 1     
	   5 Input    3 Bit        Muxes := 1     
	   2 Input    3 Bit        Muxes := 3     
	   2 Input    1 Bit        Muxes := 12    
	   3 Input    1 Bit        Muxes := 3     
	   5 Input    1 Bit        Muxes := 3     
---------------------------------------------------------------------------------
Finished RTL Component Statistics 
---------------------------------------------------------------------------------
---------------------------------------------------------------------------------
Start Part Resource Summary
---------------------------------------------------------------------------------
Part Resources:
DSPs: 240 (col length:80)
BRAMs: 270 (col length: RAMB18 80 RAMB36 40)
---------------------------------------------------------------------------------
Finished Part Resource Summary
---------------------------------------------------------------------------------
---------------------------------------------------------------------------------
Start Cross Boundary and Area Optimization
---------------------------------------------------------------------------------
---------------------------------------------------------------------------------
Finished Cross Boundary and Area Optimization : Time (s): cpu = 00:00:10 ; elapsed = 00:00:11 . Memory (MB): peak = 1165.359 ; gain = 0.000
---------------------------------------------------------------------------------
---------------------------------------------------------------------------------
Start Applying XDC Timing Constraints
---------------------------------------------------------------------------------
---------------------------------------------------------------------------------
Finished Applying XDC Timing Constraints : Time (s): cpu = 00:00:14 ; elapsed = 00:00:15 . Memory (MB): peak = 1165.359 ; gain = 0.000
---------------------------------------------------------------------------------
---------------------------------------------------------------------------------
Start Timing Optimization
---------------------------------------------------------------------------------
---------------------------------------------------------------------------------
Finished Timing Optimization : Time (s): cpu = 00:00:14 ; elapsed = 00:00:15 . Memory (MB): peak = 1165.359 ; gain = 0.000
---------------------------------------------------------------------------------
---------------------------------------------------------------------------------
Start Technology Mapping
---------------------------------------------------------------------------------
---------------------------------------------------------------------------------
Finished Technology Mapping : Time (s): cpu = 00:00:14 ; elapsed = 00:00:15 . Memory (MB): peak = 1165.359 ; gain = 0.000
---------------------------------------------------------------------------------
---------------------------------------------------------------------------------
Start IO Insertion
---------------------------------------------------------------------------------
---------------------------------------------------------------------------------
Start Flattening Before IO Insertion
---------------------------------------------------------------------------------
---------------------------------------------------------------------------------
Finished Flattening Before IO Insertion
---------------------------------------------------------------------------------
---------------------------------------------------------------------------------
Start Final Netlist Cleanup
---------------------------------------------------------------------------------
---------------------------------------------------------------------------------
Finished Final Netlist Cleanup
---------------------------------------------------------------------------------
---------------------------------------------------------------------------------
Finished IO Insertion : Time (s): cpu = 00:00:17 ; elapsed = 00:00:17 . Memory (MB): peak = 1165.359 ; gain = 0.000
---------------------------------------------------------------------------------
---------------------------------------------------------------------------------
Start Renaming Generated Instances
---------------------------------------------------------------------------------
---------------------------------------------------------------------------------
Finished Renaming Generated Instances : Time (s): cpu = 00:00:17 ; elapsed = 00:00:17 . Memory (MB): peak = 1165.359 ; gain = 0.000
---------------------------------------------------------------------------------
---------------------------------------------------------------------------------
Start Rebuilding User Hierarchy
---------------------------------------------------------------------------------
---------------------------------------------------------------------------------
Finished Rebuilding User Hierarchy : Time (s): cpu = 00:00:17 ; elapsed = 00:00:17 . Memory (MB): peak = 1165.359 ; gain = 0.000
---------------------------------------------------------------------------------
---------------------------------------------------------------------------------
Start Renaming Generated Ports
---------------------------------------------------------------------------------
---------------------------------------------------------------------------------
Finished Renaming Generated Ports : Time (s): cpu = 00:00:17 ; elapsed = 00:00:17 . Memory (MB): peak = 1165.359 ; gain = 0.000
---------------------------------------------------------------------------------
---------------------------------------------------------------------------------
Start Handling Custom Attributes
---------------------------------------------------------------------------------
---------------------------------------------------------------------------------
Finished Handling Custom Attributes : Time (s): cpu = 00:00:17 ; elapsed = 00:00:17 . Memory (MB): peak = 1165.359 ; gain = 0.000
---------------------------------------------------------------------------------
---------------------------------------------------------------------------------
Start Renaming Generated Nets
---------------------------------------------------------------------------------
---------------------------------------------------------------------------------
Finished Renaming Generated Nets : Time (s): cpu = 00:00:17 ; elapsed = 00:00:17 . Memory (MB): peak = 1165.359 ; gain = 0.000
---------------------------------------------------------------------------------
---------------------------------------------------------------------------------
Start ROM, RAM, DSP, Shift Register and Retiming Reporting
---------------------------------------------------------------------------------

Static Shift Register Report:
+------------+--------------------------------+--------+-------+--------------+--------------------+-------------------+--------+---------+
|Module Name | RTL Name                       | Length | Width | Reset Signal | Pull out first Reg | Pull out last Reg | SRL16E | SRLC32E | 
+------------+--------------------------------+--------+-------+--------------+--------------------+-------------------+--------+---------+
|top         | Inst_edge_p_rearme/sreg_reg[0] | 4      | 1     | NO           | NO                 | YES               | 1      | 0       | 
|top         | Inst_edge_p10c/sreg_reg[0]     | 4      | 1     | NO           | NO                 | YES               | 1      | 0       | 
|top         | Inst_edge_p20c/sreg_reg[0]     | 4      | 1     | NO           | NO                 | YES               | 1      | 0       | 
|top         | Inst_edge_p50c/sreg_reg[0]     | 4      | 1     | NO           | NO                 | YES               | 1      | 0       | 
|top         | Inst_edge_p1_euro/sreg_reg[0]  | 4      | 1     | NO           | NO                 | YES               | 1      | 0       | 
+------------+--------------------------------+--------+-------+--------------+--------------------+-------------------+--------+---------+

---------------------------------------------------------------------------------
Finished ROM, RAM, DSP, Shift Register and Retiming Reporting
---------------------------------------------------------------------------------
---------------------------------------------------------------------------------
Start Writing Synthesis Report
---------------------------------------------------------------------------------

Report BlackBoxes: 
+-+--------------+----------+
| |BlackBox name |Instances |
+-+--------------+----------+
+-+--------------+----------+

Report Cell Usage: 
+------+-------+------+
|      |Cell   |Count |
+------+-------+------+
|1     |BUFG   |     1|
|2     |CARRY4 |    54|
|3     |LUT1   |     9|
|4     |LUT2   |    57|
|5     |LUT3   |    77|
|6     |LUT4   |    37|
|7     |LUT5   |     7|
|8     |LUT6   |    34|
|9     |SRL16E |     5|
|10    |FDCE   |    49|
|11    |FDPE   |     9|
|12    |FDRE   |   141|
|13    |FDSE   |     4|
|14    |LD     |     1|
|15    |LDC    |     1|
|16    |LDP    |     1|
|17    |IBUF   |    11|
|18    |OBUF   |    17|
+------+-------+------+
---------------------------------------------------------------------------------
Finished Writing Synthesis Report : Time (s): cpu = 00:00:17 ; elapsed = 00:00:17 . Memory (MB): peak = 1165.359 ; gain = 0.000
---------------------------------------------------------------------------------
Synthesis finished with 0 errors, 0 critical warnings and 3 warnings.
Synthesis Optimization Runtime : Time (s): cpu = 00:00:11 ; elapsed = 00:00:16 . Memory (MB): peak = 1165.359 ; gain = 0.000
Synthesis Optimization Complete : Time (s): cpu = 00:00:17 ; elapsed = 00:00:17 . Memory (MB): peak = 1165.359 ; gain = 0.000
INFO: [Project 1-571] Translating synthesized netlist
Netlist sorting complete. Time (s): cpu = 00:00:00 ; elapsed = 00:00:00.005 . Memory (MB): peak = 1165.359 ; gain = 0.000
INFO: [Netlist 29-17] Analyzing 57 Unisim elements for replacement
INFO: [Netlist 29-28] Unisim Transformation completed in 0 CPU seconds
INFO: [Project 1-570] Preparing netlist for logic optimization
INFO: [Opt 31-138] Pushed 0 inverter(s) to 0 load pin(s).
Netlist sorting complete. Time (s): cpu = 00:00:00 ; elapsed = 00:00:00 . Memory (MB): peak = 1165.359 ; gain = 0.000
INFO: [Project 1-111] Unisim Transformation Summary:
  A total of 3 instances were transformed.
  LD => LDCE: 1 instance 
  LDC => LDCE: 1 instance 
  LDP => LDPE: 1 instance 

Synth Design complete, checksum: b8aa151b
INFO: [Common 17-83] Releasing license: Synthesis
52 Infos, 11 Warnings, 0 Critical Warnings and 0 Errors encountered.
synth_design completed successfully
synth_design: Time (s): cpu = 00:00:19 ; elapsed = 00:00:25 . Memory (MB): peak = 1165.359 ; gain = 0.000
INFO: [Common 17-1381] The checkpoint 'C:/Proyectos_sed/refrescos/refrescos.runs/synth_1/top.dcp' has been generated.
INFO: [runtcl-4] Executing : report_utilization -file top_utilization_synth.rpt -pb top_utilization_synth.pb
INFO: [Common 17-206] Exiting Vivado at Sun Jan  1 21:36:45 2023...
